Sun Dec 11 00:29:06 2022: Running xcd server. This server was built by gradle.
Sun Dec 11 00:29:06 2022: Server was asked to start on port: '34785'
Sun Dec 11 00:29:06 2022: Server is using token UUID: 'b3e4157e-66df-4df3-adf1-b267bdfdb039'
Sun Dec 11 00:29:06 2022: SESSION_MGR: creating session with session uuid: '6d04a3e9-ade5-4ab9-8d63-1f78fcd2ec76' and name 'default'
Sun Dec 11 00:29:06 2022: Attempting to start server on port '34785'
Sun Dec 11 00:29:06 2022: XCD main fifo: created main fifo '/tmp/xcdmainb3e4157e-66df-4df3-adf1-b267bdfdb039', fd read = 14
Sun Dec 11 00:29:06 2022: Running Dispatch Server
Sun Dec 11 00:29:06 2022: Version 2.2.0
Sun Dec 11 00:29:14 2022: Dispatch Server: Accepted socket connection from client
Sun Dec 11 00:29:14 2022: Starting Socket connection
Sun Dec 11 00:29:14 2022: EXCHANGE_TOKEN received, server token: b3e4157e-66df-4df3-adf1-b267bdfdb039, passed token: b3e4157e-66df-4df3-adf1-b267bdfdb039
Sun Dec 11 00:29:15 2022: DISPATCH_HANDLER: Adding handler from function makeHandler in library libxv_system_diagram
Sun Dec 11 00:29:15 2022: SESSION_MGR: creating session with session uuid: '7b77c430-9ab1-4386-8fd8-426cb9e3ba9e' and name 'krnl_vadd'
Sun Dec 11 00:29:15 2022: KERNEL_SVC: creating session with uuid: '7b77c430-9ab1-4386-8fd8-426cb9e3ba9e' and name 'krnl_vadd'
Sun Dec 11 00:29:15 2022: GUIDANCE_SMGR: creating guidance session with uuid: '7b77c430-9ab1-4386-8fd8-426cb9e3ba9e' and name 'krnl_vadd'
Sun Dec 11 00:29:15 2022: SYSTEM_DIAGRAM: creating session with uuid: '7b77c430-9ab1-4386-8fd8-426cb9e3ba9e' and name 'krnl_vadd'
Sun Dec 11 00:29:59 2022: SESSION_MGR: closing session for UUID '7b77c430-9ab1-4386-8fd8-426cb9e3ba9e' with name 'krnl_vadd'
Sun Dec 11 00:29:59 2022: KERNEL_SVC: closing session for UUID '7b77c430-9ab1-4386-8fd8-426cb9e3ba9e' with name 'krnl_vadd'
Sun Dec 11 00:29:59 2022: GUIDANCE_SMGR: closing session for UUID '7b77c430-9ab1-4386-8fd8-426cb9e3ba9e' with name 'krnl_vadd'
Sun Dec 11 00:29:59 2022: SYSTEM_DIAGRAM: closing session for UUID '7b77c430-9ab1-4386-8fd8-426cb9e3ba9e' with name 'krnl_vadd'
Sun Dec 11 00:29:59 2022: STOP_SERVER received, server token: b3e4157e-66df-4df3-adf1-b267bdfdb039, passed token: b3e4157e-66df-4df3-adf1-b267bdfdb039
Sun Dec 11 00:29:59 2022: Socket received request to stop server.
Sun Dec 11 00:29:59 2022: Dispatch Server: do_await_stop
Sun Dec 11 00:29:59 2022: Dispatch Server: stopping mainFifo_
Sun Dec 11 00:29:59 2022: XCD main fifo: Stopping
Sun Dec 11 00:29:59 2022: XCD main fifo: do_read error code: Operation canceled
Sun Dec 11 00:29:59 2022: XCD main fifo: bytes_transferred: 0
Sun Dec 11 00:29:59 2022: SERVER: destructor for server bound to port 34785
Sun Dec 11 00:29:59 2022: XCD main fifo: Good unlink of /tmp/xcdmainb3e4157e-66df-4df3-adf1-b267bdfdb039
Sun Dec 11 00:29:59 2022: Server exiting with status 0.
Sun Dec 11 00:29:59 2022: Closing log file.
