Sun Dec 11 00:30:06 2022: Running xcd server. This server was built by gradle.
Sun Dec 11 00:30:06 2022: Server was asked to start on port: '40235'
Sun Dec 11 00:30:06 2022: Server is using token UUID: '3a6b1a84-ef08-410d-b0e6-d805d2c530c4'
Sun Dec 11 00:30:06 2022: SESSION_MGR: creating session with session uuid: '6d04a3e9-ade5-4ab9-8d63-1f78fcd2ec76' and name 'default'
Sun Dec 11 00:30:06 2022: Attempting to start server on port '40235'
Sun Dec 11 00:30:06 2022: XCD main fifo: created main fifo '/tmp/xcdmain3a6b1a84-ef08-410d-b0e6-d805d2c530c4', fd read = 14
Sun Dec 11 00:30:06 2022: Running Dispatch Server
Sun Dec 11 00:30:06 2022: Version 2.2.0
Sun Dec 11 00:30:14 2022: Dispatch Server: Accepted socket connection from client
Sun Dec 11 00:30:14 2022: Starting Socket connection
Sun Dec 11 00:30:14 2022: EXCHANGE_TOKEN received, server token: 3a6b1a84-ef08-410d-b0e6-d805d2c530c4, passed token: 3a6b1a84-ef08-410d-b0e6-d805d2c530c4
Sun Dec 11 00:30:14 2022: DISPATCH_HANDLER: Adding handler from function makeHandler in library libxv_system_diagram
Sun Dec 11 00:30:14 2022: SESSION_MGR: creating session with session uuid: '44d19311-413c-4df1-8c9d-f950a64fdb97' and name 'link'
Sun Dec 11 00:30:14 2022: KERNEL_SVC: creating session with uuid: '44d19311-413c-4df1-8c9d-f950a64fdb97' and name 'link'
Sun Dec 11 00:30:14 2022: GUIDANCE_SMGR: creating guidance session with uuid: '44d19311-413c-4df1-8c9d-f950a64fdb97' and name 'link'
Sun Dec 11 00:30:14 2022: SYSTEM_DIAGRAM: creating session with uuid: '44d19311-413c-4df1-8c9d-f950a64fdb97' and name 'link'
Sun Dec 11 00:30:36 2022: Dispatch Server: Accepted socket connection from client
Sun Dec 11 00:30:36 2022: Starting Socket connection
Sun Dec 11 00:30:49 2022: Dispatch Server: Accepted socket connection from client
Sun Dec 11 00:30:49 2022: Starting Socket connection
Sun Dec 11 00:32:17 2022: Dispatch Server: Accepted socket connection from client
Sun Dec 11 00:32:17 2022: Starting Socket connection
Sun Dec 11 00:32:17 2022: Dispatch Server: Accepted socket connection from client
Sun Dec 11 00:32:17 2022: Starting Socket connection
Sun Dec 11 00:32:17 2022: Dispatch Server: Accepted socket connection from client
Sun Dec 11 00:32:17 2022: Starting Socket connection
Sun Dec 11 00:32:17 2022: Dispatch Server: Accepted socket connection from client
Sun Dec 11 00:32:17 2022: Starting Socket connection
Sun Dec 11 00:35:28 2022: Dispatch Server: Accepted socket connection from client
Sun Dec 11 00:35:28 2022: Starting Socket connection
Sun Dec 11 00:35:34 2022: Dispatch Server: Accepted socket connection from client
Sun Dec 11 00:35:34 2022: Starting Socket connection
Sun Dec 11 00:37:52 2022: Dispatch Server: Accepted socket connection from client
Sun Dec 11 00:37:52 2022: Starting Socket connection
Sun Dec 11 00:39:13 2022: Dispatch Server: Accepted socket connection from client
Sun Dec 11 00:39:13 2022: Starting Socket connection
Sun Dec 11 00:42:28 2022: SESSION_MGR: closing session for UUID '44d19311-413c-4df1-8c9d-f950a64fdb97' with name 'link'
Sun Dec 11 00:42:28 2022: KERNEL_SVC: closing session for UUID '44d19311-413c-4df1-8c9d-f950a64fdb97' with name 'link'
Sun Dec 11 00:42:28 2022: GUIDANCE_SMGR: closing session for UUID '44d19311-413c-4df1-8c9d-f950a64fdb97' with name 'link'
Sun Dec 11 00:42:28 2022: SYSTEM_DIAGRAM: closing session for UUID '44d19311-413c-4df1-8c9d-f950a64fdb97' with name 'link'
Sun Dec 11 00:42:28 2022: STOP_SERVER received, server token: 3a6b1a84-ef08-410d-b0e6-d805d2c530c4, passed token: 3a6b1a84-ef08-410d-b0e6-d805d2c530c4
